<?xml version="1.0" encoding="UTF-8"?>
<!-- Generated by org.testng.reporters.JUnitReportReporter -->
<testsuite hostname="phanis-MacBook-Air.local" failures="0" tests="3" name="com.qa.amazon.testpages.LoginPageTest" time="10.267" errors="0" timestamp="2020-09-16T15:05:03 IST" skipped="0">
  <testcase classname="com.qa.amazon.testpages.LoginPageTest" name="doVerifyLoginPageTitle" time="0.338"/>
  <system-out/>
  <testcase classname="com.qa.amazon.testpages.LoginPageTest" name="doVerifyLogin" time="9.226"/>
  <system-out/>
  <testcase classname="com.qa.amazon.testpages.LoginPageTest" name="doVerifyHomePageTitle" time="0.703"/>
  <system-out/>
</testsuite> <!-- com.qa.amazon.testpages.LoginPageTest -->
